

  takeWhile
    âœ“ continues taking elements while the function reports `true`
    1) starts at the right arg and acknowledges undefined
    2) can operate on strings


  1 passing (39ms)
  2 failing

  1) takeWhile
       starts at the right arg and acknowledges undefined:

      AssertionError [ERR_ASSERTION]: false == true
      + expected - actual

      -false
      +true
      
      at assert (test/takeWhile.js:13:33)
      at Object.takeWhile (/home/s/repos/rambda/dist/rambda.js:1663:10)
      at Context.takeWhile (test/takeWhile.js:13:10)
      at processImmediate (internal/timers.js:456:21)

  2) takeWhile
       can operate on strings:

      AssertionError [ERR_ASSERTION]: Expected values to be strictly equal:
+ actual - expected

+ '["R", "a", "m"]'
- '"Ram"'
      + expected - actual

      -["R", "a", "m"]
      +"Ram"
      
      at strictEqual (test/shared/eq.js:8:10)
      at Context.eq (test/takeWhile.js:18:5)
      at processImmediate (internal/timers.js:456:21)



